<?xml version="1.0" encoding="UTF-8"?>
<testng-results ignored="0" total="1" passed="1" failed="0" skipped="0">
  <reporter-output>
  </reporter-output>
  <suite started-at="2023-09-05T00:16:42 IST" name="Default Suite" finished-at="2023-09-05T00:17:01 IST" duration-ms="19194">
    <groups>
    </groups>
    <test started-at="2023-09-05T00:16:42 IST" name="AssignmentSeleniumFramework" finished-at="2023-09-05T00:17:01 IST" duration-ms="19194">
      <class name="FrameWorkTestClass.Assignment1">
        <test-method is-config="true" signature="initializeDriver()[pri:0, instance:FrameWorkTestClass.Assignment1@c03cf28]" started-at="2023-09-05T00:16:42 IST" name="initializeDriver" finished-at="2023-09-05T00:16:44 IST" duration-ms="2472" status="PASS">
          <reporter-output>
          </reporter-output>
        </test-method> <!-- initializeDriver -->
        <test-method signature="RunTest()[pri:0, instance:FrameWorkTestClass.Assignment1@c03cf28]" started-at="2023-09-05T00:16:44 IST" name="RunTest" finished-at="2023-09-05T00:17:01 IST" duration-ms="16586" status="PASS">
          <reporter-output>
          </reporter-output>
        </test-method> <!-- RunTest -->
        <test-method is-config="true" signature="teardown()[pri:0, instance:FrameWorkTestClass.Assignment1@c03cf28]" started-at="2023-09-05T00:17:01 IST" name="teardown" finished-at="2023-09-05T00:17:01 IST" duration-ms="109" status="PASS">
          <reporter-output>
          </reporter-output>
        </test-method> <!-- teardown -->
      </class> <!-- FrameWorkTestClass.Assignment1 -->
    </test> <!-- AssignmentSeleniumFramework -->
  </suite> <!-- Default Suite -->
</testng-results>
